#
# There is insufficient memory for the Java Runtime Environment to continue.
# Native memory allocation (mmap) failed to map 132120576 bytes for Failed to commit area from 0x0000000083400000 to 0x000000008b200000 of length 132120576.
# Possible reasons:
#   The system is out of physical RAM or swap space
#   The process is running with CompressedOops enabled, and the Java Heap may be blocking the growth of the native heap
# Possible solutions:
#   Reduce memory load on the system
#   Increase physical memory or swap space
#   Check if swap backing store is full
#   Decrease Java heap size (-Xmx/-Xms)
#   Decrease number of Java threads
#   Decrease Java thread stack sizes (-Xss)
#   Set larger code cache with -XX:ReservedCodeCacheSize=
# This output file may be truncated or incomplete.
#
#  Out of Memory Error (./src/hotspot/os/windows/os_windows.cpp:3301), pid=14128, tid=5504
#
# JRE version:  (11.0.10+9) (build )
# Java VM: Dynamic Code Evolution 64-Bit Server VM (11.0.10+9-b1341.41, mixed mode, sharing, tiered, compressed oops, g1 gc, windows-amd64)
# No core dump will be written. Minidumps are not enabled by default on client versions of Windows
#

---------------  S U M M A R Y ------------

Command Line: -XX:TieredStopAtLevel=1 -Xverify:none -Dspring.output.ansi.enabled=always -javaagent:E:\IDEA\idea\IntelliJ IDEA 2021.1\lib\idea_rt.jar=63509:E:\IDEA\idea\IntelliJ IDEA 2021.1\bin -Dcom.sun.management.jmxremote -Dspring.jmx.enabled=true -Dspring.liveBeansView.mbeanDomain -Dspring.application.admin.enabled=true -Dfile.encoding=UTF-8 se331.rest.Lab08Application

Host: Intel(R) Core(TM) i7-10510U CPU @ 1.80GHz, 8 cores, 7G,  Windows 10 , 64 bit Build 19041 (10.0.19041.1889)
Time: Thu Sep 22 22:58:45 2022 中国标准时间 elapsed time: 0.018952 seconds (0d 0h 0m 0s)

---------------  T H R E A D  ---------------

Current thread (0x0000017f3bcf7000):  JavaThread "Unknown thread" [_thread_in_vm, id=5504, stack(0x0000002cdb100000,0x0000002cdb200000)]

Stack: [0x0000002cdb100000,0x0000002cdb200000]
Native frames: (J=compiled Java code, j=interpreted, Vv=VM code, C=native code)
V  [jvm.dll+0x5f84fa]
V  [jvm.dll+0x77e085]
V  [jvm.dll+0x77f5dd]
V  [jvm.dll+0x77fc93]
V  [jvm.dll+0x2457e8]
V  [jvm.dll+0x5f58f4]
V  [jvm.dll+0x5ea975]
V  [jvm.dll+0x30228b]
V  [jvm.dll+0x3021fa]
V  [jvm.dll+0x3020d2]
V  [jvm.dll+0x306fb6]
V  [jvm.dll+0x34f843]
V  [jvm.dll+0x34ff46]
V  [jvm.dll+0x34f943]
V  [jvm.dll+0x2dbcb8]
V  [jvm.dll+0x2dce57]
V  [jvm.dll+0x75c4d7]
V  [jvm.dll+0x75dd6c]
V  [jvm.dll+0x35cdb9]
V  [jvm.dll+0x73fc9e]
V  [jvm.dll+0x3c5663]
V  [jvm.dll+0x3c7a21]
C  [jli.dll+0x5373]
C  [ucrtbase.dll+0x21bb2]
C  [KERNEL32.DLL+0x17034]
C  [ntdll.dll+0x526a1]


---------------  P R O C E S S  ---------------

Threads class SMR info:
_java_thread_list=0x0000017f3bbfb7a0, length=0, elements={
}

Java Threads: ( => current thread )

Other Threads:
  0x0000017f3bd10000 GCTaskThread "GC Thread#0" [stack: 0x0000002cdb200000,0x0000002cdb300000] [id=21556]
  0x0000017f3bd3f800 ConcurrentGCThread "G1 Main Marker" [stack: 0x0000002cdb300000,0x0000002cdb400000] [id=17480]
  0x0000017f3bd42000 ConcurrentGCThread "G1 Conc#0" [stack: 0x0000002cdb400000,0x0000002cdb500000] [id=19208]

[error occurred during error reporting (printing all threads), id 0xc0000005, EXCEPTION_ACCESS_VIOLATION (0xc0000005) at pc=0x00007ff97bdcc437]

VM state:not at safepoint (not fully initialized)

VM Mutex/Monitor currently owned by a thread:  ([mutex/lock_event])
[0x0000017f3bcf4ed0] Heap_lock - owner thread: 0x0000017f3bcf7000

Heap address: 0x0000000083400000, size: 1996 MB, Compressed Oops mode: Non-zero based: 0x0000000083400000
Narrow klass base: 0x0000000000000000, Narrow klass shift: 0

GC Heap History (0 events):
No events

Deoptimization events (0 events):
No events

Classes redefined (0 events):
No events

Internal exceptions (0 events):
No events

Events (1 events):
Event: 0.013 Loaded shared library E:\IDEA\idea\IntelliJ IDEA 2021.1\jbr\bin\zip.dll


Dynamic libraries:
0x00007ff6f82e0000 - 0x00007ff6f82ea000 	E:\IDEA\idea\IntelliJ IDEA 2021.1\jbr\bin\java.exe
0x00007ff9c6330000 - 0x00007ff9c6528000 	C:\WINDOWS\SYSTEM32\ntdll.dll
0x00007ff9c5640000 - 0x00007ff9c56fd000 	C:\WINDOWS\System32\KERNEL32.DLL
0x00007ff9c3e70000 - 0x00007ff9c413e000 	C:\WINDOWS\System32\KERNELBASE.dll
0x00007ff9c3a50000 - 0x00007ff9c3b50000 	C:\WINDOWS\System32\ucrtbase.dll
0x00007ff9ad680000 - 0x00007ff9ad699000 	E:\IDEA\idea\IntelliJ IDEA 2021.1\jbr\bin\jli.dll
0x00007ff9ac260000 - 0x00007ff9ac277000 	E:\IDEA\idea\IntelliJ IDEA 2021.1\jbr\bin\VCRUNTIME140.dll
0x00007ff9c4510000 - 0x00007ff9c46b0000 	C:\WINDOWS\System32\USER32.dll
0x00007ff9ad760000 - 0x00007ff9ad9fa000 	C:\WINDOWS\WinSxS\amd64_microsoft.windows.common-controls_6595b64144ccf1df_6.0.19041.1110_none_60b5254171f9507e\COMCTL32.dll
0x00007ff9c42a0000 - 0x00007ff9c42c2000 	C:\WINDOWS\System32\win32u.dll
0x00007ff9c6210000 - 0x00007ff9c623a000 	C:\WINDOWS\System32\GDI32.dll
0x00007ff9c6170000 - 0x00007ff9c620e000 	C:\WINDOWS\System32\msvcrt.dll
0x00007ff9c3c00000 - 0x00007ff9c3d0b000 	C:\WINDOWS\System32\gdi32full.dll
0x00007ff9c41d0000 - 0x00007ff9c426d000 	C:\WINDOWS\System32\msvcp_win.dll
0x00007ff9c46b0000 - 0x00007ff9c46e0000 	C:\WINDOWS\System32\IMM32.DLL
0x00007ff99b950000 - 0x00007ff99b9ed000 	E:\IDEA\idea\IntelliJ IDEA 2021.1\jbr\bin\msvcp140.dll
0x00007ff97bae0000 - 0x00007ff97c62f000 	E:\IDEA\idea\IntelliJ IDEA 2021.1\jbr\bin\server\jvm.dll
0x00007ff9c46e0000 - 0x00007ff9c478e000 	C:\WINDOWS\System32\ADVAPI32.dll
0x00007ff9c5d60000 - 0x00007ff9c5dfc000 	C:\WINDOWS\System32\sechost.dll
0x00007ff9c4ee0000 - 0x00007ff9c5005000 	C:\WINDOWS\System32\RPCRT4.dll
0x00007ff9c5e00000 - 0x00007ff9c5e08000 	C:\WINDOWS\System32\PSAPI.DLL
0x00007ff9adc50000 - 0x00007ff9adc77000 	C:\WINDOWS\SYSTEM32\WINMM.dll
0x00007ff9b7510000 - 0x00007ff9b751a000 	C:\WINDOWS\SYSTEM32\VERSION.dll
0x00007ff9bf170000 - 0x00007ff9bf179000 	C:\WINDOWS\SYSTEM32\WSOCK32.dll
0x00007ff9c5800000 - 0x00007ff9c586b000 	C:\WINDOWS\System32\WS2_32.dll
0x00007ff9c2290000 - 0x00007ff9c22a2000 	C:\WINDOWS\SYSTEM32\kernel.appcore.dll
0x00007ff9b5af0000 - 0x00007ff9b5b01000 	E:\IDEA\idea\IntelliJ IDEA 2021.1\jbr\bin\verify.dll
0x00007ff9c1630000 - 0x00007ff9c1814000 	C:\WINDOWS\SYSTEM32\DBGHELP.DLL
0x00007ff9aec50000 - 0x00007ff9aec7c000 	C:\WINDOWS\SYSTEM32\dbgcore.DLL
0x00007ff9c4140000 - 0x00007ff9c41c2000 	C:\WINDOWS\System32\bcryptPrimitives.dll
0x00007ff9b4090000 - 0x00007ff9b40b9000 	E:\IDEA\idea\IntelliJ IDEA 2021.1\jbr\bin\java.dll
0x00007ff9bf160000 - 0x00007ff9bf16b000 	E:\IDEA\idea\IntelliJ IDEA 2021.1\jbr\bin\jimage.dll
0x00007ff9b4fb0000 - 0x00007ff9b4fbf000 	E:\IDEA\idea\IntelliJ IDEA 2021.1\jbr\bin\instrument.dll
0x00007ff9b4ff0000 - 0x00007ff9b5008000 	E:\IDEA\idea\IntelliJ IDEA 2021.1\jbr\bin\zip.dll

dbghelp: loaded successfully - version: 4.0.5 - missing functions: none
symbol engine: initialized successfully - sym options: 0x614 - pdb path: .;E:\IDEA\idea\IntelliJ IDEA 2021.1\jbr\bin;C:\WINDOWS\SYSTEM32;C:\WINDOWS\WinSxS\amd64_microsoft.windows.common-controls_6595b64144ccf1df_6.0.19041.1110_none_60b5254171f9507e;E:\IDEA\idea\IntelliJ IDEA 2021.1\jbr\bin\server

VM Arguments:
jvm_args: -XX:TieredStopAtLevel=1 -Xverify:none -Dspring.output.ansi.enabled=always -javaagent:E:\IDEA\idea\IntelliJ IDEA 2021.1\lib\idea_rt.jar=63509:E:\IDEA\idea\IntelliJ IDEA 2021.1\bin -Dcom.sun.management.jmxremote -Dspring.jmx.enabled=true -Dspring.liveBeansView.mbeanDomain -Dspring.application.admin.enabled=true -Dfile.encoding=UTF-8 
java_command: se331.rest.Lab08Application
java_class_path (initial): D:\泰国课程\953331\Lab09(1)\331-Lab09\target\classes;C:\Users\刘海涛\.m2\repository\org\springframework\boot\spring-boot-starter\2.7.3\spring-boot-starter-2.7.3.jar;C:\Users\刘海涛\.m2\repository\org\springframework\boot\spring-boot\2.7.3\spring-boot-2.7.3.jar;C:\Users\刘海涛\.m2\repository\org\springframework\spring-context\5.3.22\spring-context-5.3.22.jar;C:\Users\刘海涛\.m2\repository\org\springframework\boot\spring-boot-autoconfigure\2.7.3\spring-boot-autoconfigure-2.7.3.jar;C:\Users\刘海涛\.m2\repository\org\springframework\boot\spring-boot-starter-logging\2.7.3\spring-boot-starter-logging-2.7.3.jar;C:\Users\刘海涛\.m2\repository\ch\qos\logback\logback-classic\1.2.11\logback-classic-1.2.11.jar;C:\Users\刘海涛\.m2\repository\ch\qos\logback\logback-core\1.2.11\logback-core-1.2.11.jar;C:\Users\刘海涛\.m2\repository\org\apache\logging\log4j\log4j-to-slf4j\2.17.2\log4j-to-slf4j-2.17.2.jar;C:\Users\刘海涛\.m2\repository\org\apache\logging\log4j\log4j-api\2.17.2\log4j-api-2.17.2.jar;C:\Users\刘海涛\.m2\repository\org\slf4j\jul-to-slf4j\1.7.36\jul-to-slf4j-1.7.36.jar;C:\Users\刘海涛\.m2\repository\jakarta\annotation\jakarta.annotation-api\1.3.5\jakarta.annotation-api-1.3.5.jar;C:\Users\刘海涛\.m2\repository\org\springframework\spring-core\5.3.22\spring-core-5.3.22.jar;C:\Users\刘海涛\.m2\repository\org\springframework\spring-jcl\5.3.22\spring-jcl-5.3.22.jar;C:\Users\刘海涛\.m2\repository\org\yaml\snakeyaml\1.30\snakeyaml-1.30.jar;C:\Users\刘海涛\.m2\repository\org\slf4j\slf4j-api\1.7.36\slf4j-api-1.7.36.jar;C:\Users\刘海涛\.m2\repository\jakarta\xml\bind\jakarta.xml.bind-api\2.3.3\jakarta.xml.bind-api-2.3.3.jar;C:\Users\刘海涛\.m2\repository\jakarta\activation\jakarta.activation-api\1.2.2\jakarta.activation-api-1.2.2.jar;C:\Users\刘海涛\.m2\repository\net\bytebuddy\byte-buddy\1.12.13\byte-buddy-1.12.13.jar;C:\Users\刘海涛\.m2\repository\org\springframework\boot\spring-boot-starter-web\2.7.3\spring-boot-starter-web-2.7.3.jar;C:\Users\刘海涛\
Launcher Type: SUN_STANDARD

[Global flags]
     bool BytecodeVerificationLocal                = false                                     {product} {command line}
     bool BytecodeVerificationRemote               = false                                     {product} {command line}
     intx CICompilerCount                          = 4                                         {product} {ergonomic}
     uint ConcGCThreads                            = 2                                         {product} {ergonomic}
     uint G1ConcRefinementThreads                  = 8                                         {product} {ergonomic}
   size_t G1HeapRegionSize                         = 1048576                                   {product} {ergonomic}
    uintx GCDrainStackTargetSize                   = 64                                        {product} {ergonomic}
   size_t InitialHeapSize                          = 132120576                                 {product} {ergonomic}
     bool ManagementServer                         = true                                      {product} {command line}
   size_t MarkStackSize                            = 4194304                                   {product} {ergonomic}
   size_t MaxHeapSize                              = 2092957696                                {product} {ergonomic}
   size_t MinHeapDeltaBytes                        = 1048576                                   {product} {ergonomic}
    uintx NonNMethodCodeHeapSize                   = 7549744                                {pd product} {ergonomic}
    uintx NonProfiledCodeHeapSize                  = 244108496                              {pd product} {ergonomic}
    uintx ProfiledCodeHeapSize                     = 0                                      {pd product} {ergonomic}
    uintx ReservedCodeCacheSize                    = 251658240                              {pd product} {ergonomic}
     bool SegmentedCodeCache                       = true                                      {product} {ergonomic}
     intx TieredStopAtLevel                        = 1                                         {product} {command line}
     bool UseCompressedClassPointers               = true                                 {lp64_product} {ergonomic}
     bool UseCompressedOops                        = true                                 {lp64_product} {ergonomic}
     bool UseG1GC                                  = true                                      {product} {ergonomic}
     bool UseLargePagesIndividualAllocation        = false                                  {pd product} {ergonomic}

Logging:
Log output configuration:
 #0: stdout all=warning uptime,level,tags
 #1: stderr all=off uptime,level,tags

Environment Variables:
JAVA_HOME=C:\Program Files\Java\jdk1.8.0_281
CLASSPATH=.;C:\Program Files\Java\jdk1.8.0_281\lib\dt.jar;C:\Program Files\Java\jdk1.8.0_281\lib\tools.jar
PATH=C:\Program Files\Java\jdk1.8.0_281\bin;C:\Program Files\Java\jdk1.8.0_281\jre\bin;C:\Program Files (x86)\Common Files\Oracle\Java\javapath;E:\新建文件夹\bin\;%Sys;emRoot%\system32;C:\WINDOWS;C:\WINDOWS\System32\Wbem;C:\WINDOWS\System32\WindowsPowerShell\v1.0\;C:\WINDOWS\System32\OpenSSH\;";E:\MySQL\mysql-5.7.27-winx64\bin";E:\MySQL\mysql\mysql-5.7.27-winx64\bin;E:\pycharm\PyCharm 2021.1.1\bin;E:\Matlab R2020\bin;E:\Matlab R2020\runtime\win64;E:\Matlab R2020\polyspace\bin;E:\ASDK\tools;E:\ASDK\platform-tools;E:\ASDK\build-tools\30.0.3;E:\gradle-6.6.1\bin;E:\apache-maven-3.8.3\bin;E:\Git\Git\cmd;E:\putty\;C:\Program Files\Docker\Docker\resources\bin;C:\ProgramData\DockerDesktop\version-bin;C:\windows\System32;E:\node.js\Nodejs\;E:\node.js\Nodejs\node_modules;C:\Users\刘海涛\AppData\Roaming\npm;E:\python\Scripts\;E:\python\;C:\Users\刘海涛\AppData\Local\Microsoft\WindowsApps;E:\IDEA\idea\IntelliJ IDEA 2021.1\bin;;E:\pycharm\PyCharm 2021.1.1\bin;;E:\VScode\Microsoft VS Code\bin;C:\WINDOWS\system32;C:\Users\刘海涛\AppData\Roaming\npm;E:\node.js\Nodejs;
USERNAME=刘海涛
OS=Windows_NT
PROCESSOR_IDENTIFIER=Intel64 Family 6 Model 142 Stepping 12, GenuineIntel



---------------  S Y S T E M  ---------------

OS: Windows 10 , 64 bit Build 19041 (10.0.19041.1889)
OS uptime: 6 days 12:06 hours
Hyper-V role detected

CPU:total 8 (initial active 8) (4 cores per cpu, 2 threads per core) family 6 model 142 stepping 12 microcode 0xde, cmov, cx8, fxsr, mmx, sse, sse2, sse3, ssse3, sse4.1, sse4.2, popcnt, avx, avx2, aes, clmul, erms, 3dnowpref, lzcnt, ht, tsc, tscinvbit, bmi1, bmi2, adx, fma

Memory: 4k page, system-wide physical 7976M (566M free)
TotalPageFile size 20528M (AvailPageFile size 89M)
current process WorkingSet (physical memory assigned to process): 10M, peak: 10M
current process commit charge ("private bytes"): 57M, peak: 183M

vm_info: Dynamic Code Evolution 64-Bit Server VM (11.0.10+9-b1341.41) for windows-amd64 JRE (11.0.10+9-b1341.41), built on Apr 17 2021 07:18:15 by "" with MS VC++ 14.0 (VS2015)

END.
